<?xml version="1.0" encoding="UTF-8"?>
<!-- Generated by org.testng.reporters.JUnitReportReporter -->
<testsuite hostname="DESKTOP-F6VH8I7" failures="0" tests="1" name="com.selenium.test.sampleTest" time="9.114" errors="0" timestamp="2021-06-20T13:10:59 IST" skipped="0">
  <testcase classname="com.selenium.test.sampleTest" name="method1" time="9.114"/>
  <system-out/>
</testsuite> <!-- com.selenium.test.sampleTest -->
