<?xml version="1.0" encoding="UTF-8"?>
<!-- Generated by org.testng.reporters.JUnitReportReporter -->
<testsuite hostname="DESKTOP-F6VH8I7" failures="0" tests="2" name="com.selenium.test.Groups" time="0.008" errors="0" timestamp="2021-03-16T23:15:24 IST" skipped="0">
  <testcase classname="com.selenium.test.Groups" name="test_case1" time="0.007"/>
  <system-out/>
  <testcase classname="com.selenium.test.Groups" name="test_case2" time="0.001"/>
  <system-out/>
</testsuite> <!-- com.selenium.test.Groups -->
