<?xml version="1.0" encoding="UTF-8"?>
<!-- Generated by org.testng.reporters.JUnitReportReporter -->
<testsuite hostname="DESKTOP-F6VH8I7" failures="0" tests="4" name="com.selenium.test.FindElementsTest" time="89.487" errors="0" timestamp="2021-04-13T17:13:13 IST" skipped="0">
  <testcase classname="com.selenium.test.FindElementsTest" name="verifyFeelinglucky" time="10.951"/>
  <system-out/>
  <testcase classname="com.selenium.test.FindElementsTest" name="clickKalyaJewl" time="8.574"/>
  <system-out/>
  <testcase classname="com.selenium.test.FindElementsTest" name="gotoOthersites" time="60.599"/>
  <system-out/>
  <testcase classname="com.selenium.test.FindElementsTest" name="testMultiElement" time="9.363"/>
  <system-out/>
</testsuite> <!-- com.selenium.test.FindElementsTest -->
